<?xml version="1.0" encoding="UTF-8"?>
<testng-results ignored="0" total="2" passed="2" failed="0" skipped="0">
  <reporter-output>
  </reporter-output>
  <suite started-at="2019-12-26T22:21:07 EET" name="Default suite" finished-at="2019-12-26T22:21:29 EET" duration-ms="21322">
    <groups>
    </groups>
    <test started-at="2019-12-26T22:21:07 EET" name="Default test" finished-at="2019-12-26T22:21:29 EET" duration-ms="21322">
      <class name="com.hepsiburada.qa.testcases.ProductPageTest">
        <test-method is-config="true" signature="setUp()[pri:0, instance:com.hepsiburada.qa.testcases.ProductPageTest@222114ba]" started-at="2019-12-26T22:21:07 EET" name="setUp" finished-at="2019-12-26T22:21:25 EET" duration-ms="17984" status="PASS">
          <reporter-output>
          </reporter-output>
        </test-method> <!-- setUp -->
        <test-method signature="addToCart()[pri:1, instance:com.hepsiburada.qa.testcases.ProductPageTest@222114ba]" started-at="2019-12-26T22:21:25 EET" name="addToCart" finished-at="2019-12-26T22:21:28 EET" duration-ms="2425" status="PASS">
          <reporter-output>
          </reporter-output>
        </test-method> <!-- addToCart -->
        <test-method signature="clickOnShoppingCart()[pri:2, instance:com.hepsiburada.qa.testcases.ProductPageTest@222114ba]" started-at="2019-12-26T22:21:28 EET" name="clickOnShoppingCart" finished-at="2019-12-26T22:21:29 EET" duration-ms="827" status="PASS">
          <reporter-output>
          </reporter-output>
        </test-method> <!-- clickOnShoppingCart -->
        <test-method is-config="true" signature="teatDown()[pri:0, instance:com.hepsiburada.qa.testcases.ProductPageTest@222114ba]" started-at="2019-12-26T22:21:29 EET" name="teatDown" finished-at="2019-12-26T22:21:29 EET" duration-ms="56" status="PASS">
          <reporter-output>
          </reporter-output>
        </test-method> <!-- teatDown -->
      </class> <!-- com.hepsiburada.qa.testcases.ProductPageTest -->
    </test> <!-- Default test -->
  </suite> <!-- Default suite -->
</testng-results>
