<?xml version="1.0" encoding="UTF-8"?>
<!-- Generated by org.testng.reporters.JUnitXMLReporter -->
<testsuite ignored="0" hostname="DESKTOP-63LF20B" failures="0" tests="2" name="Default test" time="21.322" errors="0" timestamp="2019-12-26T22:21:29 EET">
  <testcase classname="com.hepsiburada.qa.testcases.ProductPageTest" name="addToCart" time="2.425"/>
  <testcase classname="com.hepsiburada.qa.testcases.ProductPageTest" name="clickOnShoppingCart" time="0.827"/>
</testsuite> <!-- Default test -->
